2025-11-16 10:26:54.146 -06:00 [INF] Starting web host
2025-11-16 10:26:55.735 -06:00 [INF] User profile is available. Using 'C:\Users\andre\AppData\Local\ASP.NET\DataProtection-Keys' as key repository and Windows DPAPI to encrypt keys at rest.
2025-11-16 10:26:58.093 -06:00 [INF] Now listening on: https://localhost:52165
2025-11-16 10:26:58.178 -06:00 [INF] Now listening on: http://localhost:52166
2025-11-16 10:26:58.274 -06:00 [INF] No action descriptors found. This may indicate an incorrectly configured application or missing application parts. To learn more, visit https://aka.ms/aspnet/mvc/app-parts
2025-11-16 10:26:58.596 -06:00 [INF] Application started. Press Ctrl+C to shut down.
2025-11-16 10:26:58.617 -06:00 [INF] Hosting environment: Development
2025-11-16 10:26:58.649 -06:00 [INF] Content root path: D:\Proyectos_Personales\sacs\src\SACS.Api
2025-11-16 10:27:34.706 -06:00 [INF] Request starting HTTP/2 GET https://localhost:52165/ - null null
2025-11-16 10:27:41.266 -06:00 [INF] Executing endpoint 'HTTP: GET /'
2025-11-16 10:27:41.327 -06:00 [INF] Executing RedirectResult, redirecting to /swagger.
2025-11-16 10:27:41.352 -06:00 [INF] Executed endpoint 'HTTP: GET /'
2025-11-16 10:27:41.373 -06:00 [INF] HTTP GET / responded 302 in 5273.8427 ms
2025-11-16 10:27:41.446 -06:00 [INF] Request finished HTTP/2 GET https://localhost:52165/ - 302 0 null 6781.3316ms
2025-11-16 10:27:41.492 -06:00 [INF] Request starting HTTP/2 GET https://localhost:52165/_framework/aspnetcore-browser-refresh.js - null null
2025-11-16 10:27:41.492 -06:00 [INF] Request starting HTTP/2 GET https://localhost:52165/swagger-ui/swagger-custom.js - null null
2025-11-16 10:27:41.781 -06:00 [INF] Request finished HTTP/2 GET https://localhost:52165/_framework/aspnetcore-browser-refresh.js - 200 13752 application/javascript; charset=utf-8 289.6955ms
2025-11-16 10:27:41.795 -06:00 [INF] Request starting HTTP/2 GET https://localhost:52165/_vs/browserLink - null null
2025-11-16 10:27:41.804 -06:00 [INF] The file /swagger-ui/swagger-custom.js was not modified
2025-11-16 10:27:41.850 -06:00 [INF] HTTP GET /swagger-ui/swagger-custom.js responded 304 in 158.1467 ms
2025-11-16 10:27:41.869 -06:00 [INF] Request finished HTTP/2 GET https://localhost:52165/swagger-ui/swagger-custom.js - 304 null text/javascript 377.2365ms
2025-11-16 10:27:41.881 -06:00 [INF] Request starting HTTP/2 POST https://localhost:52165/auth/token - null 0
2025-11-16 10:27:41.946 -06:00 [INF] CORS policy execution failed.
2025-11-16 10:27:41.984 -06:00 [INF] Request origin https://localhost:52165 does not have permission to access the resource.
2025-11-16 10:27:42.034 -06:00 [INF] Executing endpoint 'HTTP: POST /auth/token'
2025-11-16 10:27:42.423 -06:00 [INF] Setting HTTP status code 200.
2025-11-16 10:27:42.470 -06:00 [INF] Writing value of type '<>f__AnonymousType1`1' as Json.
2025-11-16 10:27:42.490 -06:00 [INF] Executed endpoint 'HTTP: POST /auth/token'
2025-11-16 10:27:42.505 -06:00 [INF] HTTP POST /auth/token responded 200 in 479.8787 ms
2025-11-16 10:27:42.526 -06:00 [INF] Request finished HTTP/2 POST https://localhost:52165/auth/token - 200 null application/json; charset=utf-8 645.5499ms
2025-11-16 10:27:44.714 -06:00 [INF] Request finished HTTP/2 GET https://localhost:52165/_vs/browserLink - 200 null text/javascript; charset=UTF-8 2918.2494ms
2025-11-16 10:27:44.818 -06:00 [INF] Request starting HTTP/2 GET https://localhost:52165/swagger/v1/swagger.json - null null
2025-11-16 10:27:45.085 -06:00 [INF] HTTP GET /swagger/v1/swagger.json responded 200 in 233.2738 ms
2025-11-16 10:27:45.116 -06:00 [INF] Request finished HTTP/2 GET https://localhost:52165/swagger/v1/swagger.json - 200 null application/json;charset=utf-8 297.7538ms
2025-11-16 10:28:30.513 -06:00 [INF] Request starting HTTP/2 POST https://localhost:52165/auth/token - null 0
2025-11-16 10:28:30.550 -06:00 [INF] CORS policy execution failed.
2025-11-16 10:28:30.554 -06:00 [INF] Request origin https://localhost:52165 does not have permission to access the resource.
2025-11-16 10:28:30.732 -06:00 [INF] Executing endpoint 'HTTP: POST /auth/token'
2025-11-16 10:28:30.738 -06:00 [INF] Setting HTTP status code 200.
2025-11-16 10:28:30.742 -06:00 [INF] Writing value of type '<>f__AnonymousType1`1' as Json.
2025-11-16 10:28:30.756 -06:00 [INF] Executed endpoint 'HTTP: POST /auth/token'
2025-11-16 10:28:30.761 -06:00 [INF] HTTP POST /auth/token responded 200 in 202.4081 ms
2025-11-16 10:28:30.770 -06:00 [INF] Request finished HTTP/2 POST https://localhost:52165/auth/token - 200 null application/json; charset=utf-8 260.4235ms
2025-11-16 10:31:58.962 -06:00 [INF] Request starting HTTP/2 GET https://localhost:52165/api/actividades_eventos?limit=50&offset=0&desc=false - null null
2025-11-16 10:31:59.044 -06:00 [INF] Executing endpoint 'HTTP: GET /api/actividades_eventos/'
2025-11-16 10:32:02.098 -06:00 [INF] Setting HTTP status code 200.
2025-11-16 10:32:02.195 -06:00 [INF] Writing value of type '<>f__AnonymousType0`2' as Json.
2025-11-16 10:32:02.231 -06:00 [INF] Executed endpoint 'HTTP: GET /api/actividades_eventos/'
2025-11-16 10:32:02.239 -06:00 [INF] HTTP GET /api/actividades_eventos responded 200 in 3229.4952 ms
2025-11-16 10:32:02.249 -06:00 [INF] Request finished HTTP/2 GET https://localhost:52165/api/actividades_eventos?limit=50&offset=0&desc=false - 200 null application/json; charset=utf-8 3288.9379ms
2025-11-16 10:55:15.001 -06:00 [INF] Starting web host
2025-11-16 10:55:15.857 -06:00 [INF] User profile is available. Using 'C:\Users\andre\AppData\Local\ASP.NET\DataProtection-Keys' as key repository and Windows DPAPI to encrypt keys at rest.
2025-11-16 10:55:17.927 -06:00 [INF] Now listening on: https://localhost:52165
2025-11-16 10:55:17.932 -06:00 [INF] Now listening on: http://localhost:52166
2025-11-16 10:55:17.968 -06:00 [INF] No action descriptors found. This may indicate an incorrectly configured application or missing application parts. To learn more, visit https://aka.ms/aspnet/mvc/app-parts
2025-11-16 10:55:18.328 -06:00 [INF] Application started. Press Ctrl+C to shut down.
2025-11-16 10:55:18.334 -06:00 [INF] Hosting environment: Development
2025-11-16 10:55:18.339 -06:00 [INF] Content root path: D:\Proyectos_Personales\sacs\src\SACS.Api
2025-11-16 10:55:51.674 -06:00 [INF] Request starting HTTP/2 GET https://localhost:52165/ - null null
2025-11-16 10:55:52.931 -06:00 [INF] Executing endpoint 'HTTP: GET /'
2025-11-16 10:55:52.969 -06:00 [INF] Executing RedirectResult, redirecting to /swagger.
2025-11-16 10:55:52.975 -06:00 [INF] Executed endpoint 'HTTP: GET /'
2025-11-16 10:55:52.989 -06:00 [INF] HTTP GET / responded 302 in 335.6797 ms
2025-11-16 10:55:53.021 -06:00 [INF] Request finished HTTP/2 GET https://localhost:52165/ - 302 0 null 1380.3821ms
2025-11-16 10:55:53.061 -06:00 [INF] Request starting HTTP/2 GET https://localhost:52165/_framework/aspnetcore-browser-refresh.js - null null
2025-11-16 10:55:53.108 -06:00 [INF] Request finished HTTP/2 GET https://localhost:52165/_framework/aspnetcore-browser-refresh.js - 200 13752 application/javascript; charset=utf-8 47.424ms
2025-11-16 10:55:53.114 -06:00 [INF] Request starting HTTP/2 POST https://localhost:52165/auth/token - null 0
2025-11-16 10:55:53.116 -06:00 [INF] Request starting HTTP/2 GET https://localhost:52165/_vs/browserLink - null null
2025-11-16 10:55:53.144 -06:00 [INF] CORS policy execution failed.
2025-11-16 10:55:53.153 -06:00 [INF] Request origin https://localhost:52165 does not have permission to access the resource.
2025-11-16 10:55:53.165 -06:00 [INF] Executing endpoint 'HTTP: POST /auth/token'
2025-11-16 10:55:53.431 -06:00 [INF] Request finished HTTP/2 GET https://localhost:52165/_vs/browserLink - 200 null text/javascript; charset=UTF-8 316.3768ms
2025-11-16 10:55:53.455 -06:00 [INF] Setting HTTP status code 200.
2025-11-16 10:55:53.477 -06:00 [INF] Writing value of type '<>f__AnonymousType1`1' as Json.
2025-11-16 10:55:53.489 -06:00 [INF] Executed endpoint 'HTTP: POST /auth/token'
2025-11-16 10:55:53.492 -06:00 [INF] HTTP POST /auth/token responded 200 in 331.8411 ms
2025-11-16 10:55:53.498 -06:00 [INF] Request finished HTTP/2 POST https://localhost:52165/auth/token - 200 null application/json; charset=utf-8 383.7731ms
2025-11-16 10:55:53.743 -06:00 [INF] Request starting HTTP/2 GET https://localhost:52165/swagger/v1/swagger.json - null null
2025-11-16 10:55:53.888 -06:00 [INF] HTTP GET /swagger/v1/swagger.json responded 200 in 123.7120 ms
2025-11-16 10:55:53.898 -06:00 [INF] Request finished HTTP/2 GET https://localhost:52165/swagger/v1/swagger.json - 200 null application/json;charset=utf-8 155.9185ms
2025-11-16 10:56:10.884 -06:00 [INF] Request starting HTTP/2 POST https://localhost:52165/auth/token - null 0
2025-11-16 10:56:10.897 -06:00 [INF] CORS policy execution failed.
2025-11-16 10:56:10.900 -06:00 [INF] Request origin https://localhost:52165 does not have permission to access the resource.
2025-11-16 10:56:11.074 -06:00 [INF] Executing endpoint 'HTTP: POST /auth/token'
2025-11-16 10:56:11.078 -06:00 [INF] Setting HTTP status code 200.
2025-11-16 10:56:11.082 -06:00 [INF] Writing value of type '<>f__AnonymousType1`1' as Json.
2025-11-16 10:56:11.089 -06:00 [INF] Executed endpoint 'HTTP: POST /auth/token'
2025-11-16 10:56:11.092 -06:00 [INF] HTTP POST /auth/token responded 200 in 186.3764 ms
2025-11-16 10:56:11.097 -06:00 [INF] Request finished HTTP/2 POST https://localhost:52165/auth/token - 200 null application/json; charset=utf-8 214.9012ms
2025-11-16 10:56:24.422 -06:00 [INF] Request starting HTTP/2 GET https://localhost:52165/api/actividades_eventos?limit=50&offset=0&desc=false - null null
2025-11-16 10:56:24.471 -06:00 [INF] Executing endpoint 'HTTP: GET /api/actividades_eventos/'
2025-11-16 10:56:25.942 -06:00 [INF] Setting HTTP status code 200.
2025-11-16 10:56:26.032 -06:00 [INF] Writing value of type '<>f__AnonymousType0`2' as Json.
2025-11-16 10:56:26.059 -06:00 [INF] Executed endpoint 'HTTP: GET /api/actividades_eventos/'
2025-11-16 10:56:26.066 -06:00 [INF] HTTP GET /api/actividades_eventos responded 200 in 1614.0522 ms
2025-11-16 10:56:26.076 -06:00 [INF] Request finished HTTP/2 GET https://localhost:52165/api/actividades_eventos?limit=50&offset=0&desc=false - 200 null application/json; charset=utf-8 1654.1141ms
2025-11-16 12:56:36.443 -06:00 [INF] Starting web host
2025-11-16 12:56:37.414 -06:00 [INF] User profile is available. Using 'C:\Users\andre\AppData\Local\ASP.NET\DataProtection-Keys' as key repository and Windows DPAPI to encrypt keys at rest.
2025-11-16 12:56:39.339 -06:00 [INF] Now listening on: https://localhost:52165
2025-11-16 12:56:39.345 -06:00 [INF] Now listening on: http://localhost:52166
2025-11-16 12:56:39.395 -06:00 [INF] No action descriptors found. This may indicate an incorrectly configured application or missing application parts. To learn more, visit https://aka.ms/aspnet/mvc/app-parts
2025-11-16 12:56:39.784 -06:00 [INF] Application started. Press Ctrl+C to shut down.
2025-11-16 12:56:39.791 -06:00 [INF] Hosting environment: Development
2025-11-16 12:56:39.797 -06:00 [INF] Content root path: D:\Proyectos_Personales\sacs\src\SACS.Api
2025-11-16 12:57:06.415 -06:00 [INF] Request starting HTTP/2 GET https://localhost:52165/ - null null
2025-11-16 12:57:07.586 -06:00 [INF] Executing endpoint 'HTTP: GET /'
2025-11-16 12:57:07.631 -06:00 [INF] Executing RedirectResult, redirecting to /swagger.
2025-11-16 12:57:07.637 -06:00 [INF] Executed endpoint 'HTTP: GET /'
2025-11-16 12:57:07.650 -06:00 [INF] HTTP GET / responded 302 in 381.9383 ms
2025-11-16 12:57:07.683 -06:00 [INF] Request finished HTTP/2 GET https://localhost:52165/ - 302 0 null 1304.1933ms
2025-11-16 12:57:07.748 -06:00 [INF] Request starting HTTP/2 GET https://localhost:52165/_framework/aspnetcore-browser-refresh.js - null null
2025-11-16 12:57:07.800 -06:00 [INF] Request finished HTTP/2 GET https://localhost:52165/_framework/aspnetcore-browser-refresh.js - 200 13752 application/javascript; charset=utf-8 52.588ms
2025-11-16 12:57:07.814 -06:00 [INF] Request starting HTTP/2 POST https://localhost:52165/auth/token - null 0
2025-11-16 12:57:07.816 -06:00 [INF] Request starting HTTP/2 GET https://localhost:52165/_vs/browserLink - null null
2025-11-16 12:57:07.835 -06:00 [INF] CORS policy execution failed.
2025-11-16 12:57:07.838 -06:00 [INF] Request origin https://localhost:52165 does not have permission to access the resource.
2025-11-16 12:57:07.856 -06:00 [INF] Executing endpoint 'HTTP: POST /auth/token'
2025-11-16 12:57:08.080 -06:00 [INF] Request finished HTTP/2 GET https://localhost:52165/_vs/browserLink - 200 null text/javascript; charset=UTF-8 264.6231ms
2025-11-16 12:57:08.095 -06:00 [INF] Setting HTTP status code 200.
2025-11-16 12:57:08.118 -06:00 [INF] Writing value of type '<>f__AnonymousType1`1' as Json.
2025-11-16 12:57:08.139 -06:00 [INF] Executed endpoint 'HTTP: POST /auth/token'
2025-11-16 12:57:08.144 -06:00 [INF] HTTP POST /auth/token responded 200 in 298.7985 ms
2025-11-16 12:57:08.154 -06:00 [INF] Request finished HTTP/2 POST https://localhost:52165/auth/token - 200 null application/json; charset=utf-8 339.5592ms
2025-11-16 12:57:08.220 -06:00 [INF] Request starting HTTP/2 GET https://localhost:52165/swagger/v1/swagger.json - null null
2025-11-16 12:57:08.346 -06:00 [INF] HTTP GET /swagger/v1/swagger.json responded 200 in 112.7772 ms
2025-11-16 12:57:08.371 -06:00 [INF] Request finished HTTP/2 GET https://localhost:52165/swagger/v1/swagger.json - 200 null application/json;charset=utf-8 151.0126ms
2025-11-16 12:57:17.531 -06:00 [INF] Request starting HTTP/2 POST https://localhost:52165/auth/token - null 0
2025-11-16 12:57:17.553 -06:00 [INF] CORS policy execution failed.
2025-11-16 12:57:17.558 -06:00 [INF] Request origin https://localhost:52165 does not have permission to access the resource.
2025-11-16 12:57:17.735 -06:00 [INF] Executing endpoint 'HTTP: POST /auth/token'
2025-11-16 12:57:17.742 -06:00 [INF] Setting HTTP status code 200.
2025-11-16 12:57:17.749 -06:00 [INF] Writing value of type '<>f__AnonymousType1`1' as Json.
2025-11-16 12:57:17.756 -06:00 [INF] Executed endpoint 'HTTP: POST /auth/token'
2025-11-16 12:57:17.763 -06:00 [INF] HTTP POST /auth/token responded 200 in 198.9712 ms
2025-11-16 12:57:17.777 -06:00 [INF] Request finished HTTP/2 POST https://localhost:52165/auth/token - 200 null application/json; charset=utf-8 248.6815ms
2025-11-16 12:57:34.137 -06:00 [INF] Request starting HTTP/2 GET https://localhost:52165/api/actividades_eventos?limit=50&offset=0&desc=false - null null
2025-11-16 12:57:34.174 -06:00 [INF] Executing endpoint 'HTTP: GET /api/actividades_eventos/'
2025-11-16 12:57:36.299 -06:00 [INF] Executed endpoint 'HTTP: GET /api/actividades_eventos/'
2025-11-16 12:57:36.314 -06:00 [ERR] HTTP GET /api/actividades_eventos responded 500 in 2156.4610 ms
Npgsql.PostgresException (0x80004005): 42P01: no existe la relación «configuracion.periodos»

POSITION: 840
   at Npgsql.Internal.NpgsqlConnector.ReadMessageLong(Boolean async, DataRowLoadingMode dataRowLoadingMode, Boolean readingNotifications, Boolean isReadingPrependedMessage)
   at System.Runtime.CompilerServices.PoolingAsyncValueTaskMethodBuilder`1.StateMachineBox`1.System.Threading.Tasks.Sources.IValueTaskSource<TResult>.GetResult(Int16 token)
   at Npgsql.NpgsqlDataReader.NextResult(Boolean async, Boolean isConsuming, CancellationToken cancellationToken)
   at Npgsql.NpgsqlDataReader.NextResult(Boolean async, Boolean isConsuming, CancellationToken cancellationToken)
   at Npgsql.NpgsqlCommand.ExecuteReader(Boolean async, CommandBehavior behavior, CancellationToken cancellationToken)
   at Npgsql.NpgsqlCommand.ExecuteReader(Boolean async, CommandBehavior behavior, CancellationToken cancellationToken)
   at Npgsql.NpgsqlCommand.ExecuteDbDataReaderAsync(CommandBehavior behavior, CancellationToken cancellationToken)
   at Dapper.SqlMapper.QueryMultipleAsync(IDbConnection cnn, CommandDefinition command) in /_/Dapper/SqlMapper.Async.cs:line 1042
   at SACS.Infrastructure.Repos.BaseReadRepository.QueryPagedAsync[T](String selectSql, String countSql, Object param) in D:\Proyectos_Personales\sacs\src\SACS.Infrastructure\Repos\BaseReadRepository.cs:line 13
   at SACS.Infrastructure.Repos.ActividadesEventosRepository.GetPagedDtoAsync(Int32 limit, Int32 offset, String orderBy, Boolean desc) in D:\Proyectos_Personales\sacs\src\SACS.Infrastructure\Repos\ActividadesEventosRepository.cs:line 45
   at SACS.Api.Endpoints.ActividadesEventosEndpoints.<>c.<<Map>b__0_0>d.MoveNext() in D:\Proyectos_Personales\sacs\src\SACS.Api\Endpoints\ActividadesEventosEndpoints.cs:line 14
--- End of stack trace from previous location ---
   at Microsoft.AspNetCore.Http.RequestDelegateFactory.ExecuteTaskResult[T](Task`1 task, HttpContext httpContext)
   at Microsoft.AspNetCore.Routing.EndpointMiddleware.<Invoke>g__AwaitRequestTask|7_0(Endpoint endpoint, Task requestTask, ILogger logger)
   at Microsoft.AspNetCore.Authorization.AuthorizationMiddleware.Invoke(HttpContext context)
   at Microsoft.AspNetCore.Authentication.AuthenticationMiddleware.Invoke(HttpContext context)
   at Swashbuckle.AspNetCore.SwaggerUI.SwaggerUIMiddleware.Invoke(HttpContext httpContext)
   at Swashbuckle.AspNetCore.Swagger.SwaggerMiddleware.Invoke(HttpContext httpContext, ISwaggerProvider swaggerProvider)
   at Serilog.AspNetCore.RequestLoggingMiddleware.Invoke(HttpContext httpContext)
  Exception data:
    Severity: ERROR
    SqlState: 42P01
    MessageText: no existe la relación «configuracion.periodos»
    Position: 840
    File: parse_relation.c
    Line: 1431
    Routine: parserOpenTable
2025-11-16 12:57:36.524 -06:00 [ERR] An unhandled exception has occurred while executing the request.
Npgsql.PostgresException (0x80004005): 42P01: no existe la relación «configuracion.periodos»

POSITION: 840
   at Npgsql.Internal.NpgsqlConnector.ReadMessageLong(Boolean async, DataRowLoadingMode dataRowLoadingMode, Boolean readingNotifications, Boolean isReadingPrependedMessage)
   at System.Runtime.CompilerServices.PoolingAsyncValueTaskMethodBuilder`1.StateMachineBox`1.System.Threading.Tasks.Sources.IValueTaskSource<TResult>.GetResult(Int16 token)
   at Npgsql.NpgsqlDataReader.NextResult(Boolean async, Boolean isConsuming, CancellationToken cancellationToken)
   at Npgsql.NpgsqlDataReader.NextResult(Boolean async, Boolean isConsuming, CancellationToken cancellationToken)
   at Npgsql.NpgsqlCommand.ExecuteReader(Boolean async, CommandBehavior behavior, CancellationToken cancellationToken)
   at Npgsql.NpgsqlCommand.ExecuteReader(Boolean async, CommandBehavior behavior, CancellationToken cancellationToken)
   at Npgsql.NpgsqlCommand.ExecuteDbDataReaderAsync(CommandBehavior behavior, CancellationToken cancellationToken)
   at Dapper.SqlMapper.QueryMultipleAsync(IDbConnection cnn, CommandDefinition command) in /_/Dapper/SqlMapper.Async.cs:line 1042
   at SACS.Infrastructure.Repos.BaseReadRepository.QueryPagedAsync[T](String selectSql, String countSql, Object param) in D:\Proyectos_Personales\sacs\src\SACS.Infrastructure\Repos\BaseReadRepository.cs:line 13
   at SACS.Infrastructure.Repos.ActividadesEventosRepository.GetPagedDtoAsync(Int32 limit, Int32 offset, String orderBy, Boolean desc) in D:\Proyectos_Personales\sacs\src\SACS.Infrastructure\Repos\ActividadesEventosRepository.cs:line 45
   at SACS.Api.Endpoints.ActividadesEventosEndpoints.<>c.<<Map>b__0_0>d.MoveNext() in D:\Proyectos_Personales\sacs\src\SACS.Api\Endpoints\ActividadesEventosEndpoints.cs:line 14
--- End of stack trace from previous location ---
   at Microsoft.AspNetCore.Http.RequestDelegateFactory.ExecuteTaskResult[T](Task`1 task, HttpContext httpContext)
   at Microsoft.AspNetCore.Routing.EndpointMiddleware.<Invoke>g__AwaitRequestTask|7_0(Endpoint endpoint, Task requestTask, ILogger logger)
   at Microsoft.AspNetCore.Authorization.AuthorizationMiddleware.Invoke(HttpContext context)
   at Microsoft.AspNetCore.Authentication.AuthenticationMiddleware.Invoke(HttpContext context)
   at Swashbuckle.AspNetCore.SwaggerUI.SwaggerUIMiddleware.Invoke(HttpContext httpContext)
   at Swashbuckle.AspNetCore.Swagger.SwaggerMiddleware.Invoke(HttpContext httpContext, ISwaggerProvider swaggerProvider)
   at Serilog.AspNetCore.RequestLoggingMiddleware.Invoke(HttpContext httpContext)
   at Microsoft.AspNetCore.Diagnostics.DeveloperExceptionPageMiddlewareImpl.Invoke(HttpContext context)
  Exception data:
    Severity: ERROR
    SqlState: 42P01
    MessageText: no existe la relación «configuracion.periodos»
    Position: 840
    File: parse_relation.c
    Line: 1431
    Routine: parserOpenTable
2025-11-16 12:57:36.581 -06:00 [INF] Request finished HTTP/2 GET https://localhost:52165/api/actividades_eventos?limit=50&offset=0&desc=false - 500 null text/plain; charset=utf-8 2446.2414ms
2025-11-16 13:06:58.908 -06:00 [INF] Starting web host
2025-11-16 13:06:59.637 -06:00 [INF] User profile is available. Using 'C:\Users\andre\AppData\Local\ASP.NET\DataProtection-Keys' as key repository and Windows DPAPI to encrypt keys at rest.
2025-11-16 13:07:01.034 -06:00 [INF] Now listening on: https://localhost:52165
2025-11-16 13:07:01.040 -06:00 [INF] Now listening on: http://localhost:52166
2025-11-16 13:07:01.072 -06:00 [INF] No action descriptors found. This may indicate an incorrectly configured application or missing application parts. To learn more, visit https://aka.ms/aspnet/mvc/app-parts
2025-11-16 13:07:01.404 -06:00 [INF] Application started. Press Ctrl+C to shut down.
2025-11-16 13:07:01.412 -06:00 [INF] Hosting environment: Development
2025-11-16 13:07:01.418 -06:00 [INF] Content root path: D:\Proyectos_Personales\sacs\src\SACS.Api
2025-11-16 13:07:27.580 -06:00 [INF] Request starting HTTP/2 GET https://localhost:52165/ - null null
2025-11-16 13:07:28.816 -06:00 [INF] Executing endpoint 'HTTP: GET /'
2025-11-16 13:07:28.857 -06:00 [INF] Executing RedirectResult, redirecting to /swagger.
2025-11-16 13:07:28.865 -06:00 [INF] Executed endpoint 'HTTP: GET /'
2025-11-16 13:07:28.878 -06:00 [INF] HTTP GET / responded 302 in 363.5647 ms
2025-11-16 13:07:28.908 -06:00 [INF] Request finished HTTP/2 GET https://localhost:52165/ - 302 0 null 1364.7045ms
2025-11-16 13:07:28.956 -06:00 [INF] Request starting HTTP/2 GET https://localhost:52165/_framework/aspnetcore-browser-refresh.js - null null
2025-11-16 13:07:29.035 -06:00 [INF] Request finished HTTP/2 GET https://localhost:52165/_framework/aspnetcore-browser-refresh.js - 200 13752 application/javascript; charset=utf-8 78.9752ms
2025-11-16 13:07:29.062 -06:00 [INF] Request starting HTTP/2 POST https://localhost:52165/auth/token - null 0
2025-11-16 13:07:29.064 -06:00 [INF] Request starting HTTP/2 GET https://localhost:52165/_vs/browserLink - null null
2025-11-16 13:07:29.085 -06:00 [INF] CORS policy execution failed.
2025-11-16 13:07:29.089 -06:00 [INF] Request origin https://localhost:52165 does not have permission to access the resource.
2025-11-16 13:07:29.126 -06:00 [INF] Executing endpoint 'HTTP: POST /auth/token'
2025-11-16 13:07:29.353 -06:00 [INF] Request finished HTTP/2 GET https://localhost:52165/_vs/browserLink - 200 null text/javascript; charset=UTF-8 290.0812ms
2025-11-16 13:07:29.374 -06:00 [INF] Setting HTTP status code 200.
2025-11-16 13:07:29.410 -06:00 [INF] Request starting HTTP/2 GET https://localhost:52165/swagger/v1/swagger.json - null null
2025-11-16 13:07:29.425 -06:00 [INF] Writing value of type '<>f__AnonymousType1`1' as Json.
2025-11-16 13:07:29.466 -06:00 [INF] Executed endpoint 'HTTP: POST /auth/token'
2025-11-16 13:07:29.471 -06:00 [INF] HTTP POST /auth/token responded 200 in 375.6571 ms
2025-11-16 13:07:29.479 -06:00 [INF] Request finished HTTP/2 POST https://localhost:52165/auth/token - 200 null application/json; charset=utf-8 417.1368ms
2025-11-16 13:07:29.549 -06:00 [INF] HTTP GET /swagger/v1/swagger.json responded 200 in 113.5568 ms
2025-11-16 13:07:29.559 -06:00 [INF] Request finished HTTP/2 GET https://localhost:52165/swagger/v1/swagger.json - 200 null application/json;charset=utf-8 150.1821ms
2025-11-16 13:07:51.622 -06:00 [INF] Request starting HTTP/2 POST https://localhost:52165/auth/token - null 0
2025-11-16 13:07:51.641 -06:00 [INF] CORS policy execution failed.
2025-11-16 13:07:51.648 -06:00 [INF] Request origin https://localhost:52165 does not have permission to access the resource.
2025-11-16 13:07:51.800 -06:00 [INF] Executing endpoint 'HTTP: POST /auth/token'
2025-11-16 13:07:51.809 -06:00 [INF] Setting HTTP status code 200.
2025-11-16 13:07:51.818 -06:00 [INF] Writing value of type '<>f__AnonymousType1`1' as Json.
2025-11-16 13:07:51.827 -06:00 [INF] Executed endpoint 'HTTP: POST /auth/token'
2025-11-16 13:07:51.834 -06:00 [INF] HTTP POST /auth/token responded 200 in 178.6060 ms
2025-11-16 13:07:51.847 -06:00 [INF] Request finished HTTP/2 POST https://localhost:52165/auth/token - 200 null application/json; charset=utf-8 227.6109ms
2025-11-16 13:08:09.949 -06:00 [INF] Request starting HTTP/2 GET https://localhost:52165/api/actividades_eventos?limit=50&offset=0&desc=false - null null
2025-11-16 13:08:09.985 -06:00 [INF] Executing endpoint 'HTTP: GET /api/actividades_eventos/'
2025-11-16 13:08:11.631 -06:00 [INF] Executed endpoint 'HTTP: GET /api/actividades_eventos/'
2025-11-16 13:08:11.646 -06:00 [ERR] HTTP GET /api/actividades_eventos responded 500 in 1679.8097 ms
Npgsql.PostgresException (0x80004005): 42P01: no existe la relación «configuracion.nivel_academico»

POSITION: 918
   at Npgsql.Internal.NpgsqlConnector.ReadMessageLong(Boolean async, DataRowLoadingMode dataRowLoadingMode, Boolean readingNotifications, Boolean isReadingPrependedMessage)
   at System.Runtime.CompilerServices.PoolingAsyncValueTaskMethodBuilder`1.StateMachineBox`1.System.Threading.Tasks.Sources.IValueTaskSource<TResult>.GetResult(Int16 token)
   at Npgsql.NpgsqlDataReader.NextResult(Boolean async, Boolean isConsuming, CancellationToken cancellationToken)
   at Npgsql.NpgsqlDataReader.NextResult(Boolean async, Boolean isConsuming, CancellationToken cancellationToken)
   at Npgsql.NpgsqlCommand.ExecuteReader(Boolean async, CommandBehavior behavior, CancellationToken cancellationToken)
   at Npgsql.NpgsqlCommand.ExecuteReader(Boolean async, CommandBehavior behavior, CancellationToken cancellationToken)
   at Npgsql.NpgsqlCommand.ExecuteDbDataReaderAsync(CommandBehavior behavior, CancellationToken cancellationToken)
   at Dapper.SqlMapper.QueryMultipleAsync(IDbConnection cnn, CommandDefinition command) in /_/Dapper/SqlMapper.Async.cs:line 1042
   at SACS.Infrastructure.Repos.BaseReadRepository.QueryPagedAsync[T](String selectSql, String countSql, Object param) in D:\Proyectos_Personales\sacs\src\SACS.Infrastructure\Repos\BaseReadRepository.cs:line 13
   at SACS.Infrastructure.Repos.ActividadesEventosRepository.GetPagedDtoAsync(Int32 limit, Int32 offset, String orderBy, Boolean desc) in D:\Proyectos_Personales\sacs\src\SACS.Infrastructure\Repos\ActividadesEventosRepository.cs:line 45
   at SACS.Api.Endpoints.ActividadesEventosEndpoints.<>c.<<Map>b__0_0>d.MoveNext() in D:\Proyectos_Personales\sacs\src\SACS.Api\Endpoints\ActividadesEventosEndpoints.cs:line 14
--- End of stack trace from previous location ---
   at Microsoft.AspNetCore.Http.RequestDelegateFactory.ExecuteTaskResult[T](Task`1 task, HttpContext httpContext)
   at Microsoft.AspNetCore.Routing.EndpointMiddleware.<Invoke>g__AwaitRequestTask|7_0(Endpoint endpoint, Task requestTask, ILogger logger)
   at Microsoft.AspNetCore.Authorization.AuthorizationMiddleware.Invoke(HttpContext context)
   at Microsoft.AspNetCore.Authentication.AuthenticationMiddleware.Invoke(HttpContext context)
   at Swashbuckle.AspNetCore.SwaggerUI.SwaggerUIMiddleware.Invoke(HttpContext httpContext)
   at Swashbuckle.AspNetCore.Swagger.SwaggerMiddleware.Invoke(HttpContext httpContext, ISwaggerProvider swaggerProvider)
   at Serilog.AspNetCore.RequestLoggingMiddleware.Invoke(HttpContext httpContext)
  Exception data:
    Severity: ERROR
    SqlState: 42P01
    MessageText: no existe la relación «configuracion.nivel_academico»
    Position: 918
    File: parse_relation.c
    Line: 1431
    Routine: parserOpenTable
2025-11-16 13:08:11.794 -06:00 [ERR] An unhandled exception has occurred while executing the request.
Npgsql.PostgresException (0x80004005): 42P01: no existe la relación «configuracion.nivel_academico»

POSITION: 918
   at Npgsql.Internal.NpgsqlConnector.ReadMessageLong(Boolean async, DataRowLoadingMode dataRowLoadingMode, Boolean readingNotifications, Boolean isReadingPrependedMessage)
   at System.Runtime.CompilerServices.PoolingAsyncValueTaskMethodBuilder`1.StateMachineBox`1.System.Threading.Tasks.Sources.IValueTaskSource<TResult>.GetResult(Int16 token)
   at Npgsql.NpgsqlDataReader.NextResult(Boolean async, Boolean isConsuming, CancellationToken cancellationToken)
   at Npgsql.NpgsqlDataReader.NextResult(Boolean async, Boolean isConsuming, CancellationToken cancellationToken)
   at Npgsql.NpgsqlCommand.ExecuteReader(Boolean async, CommandBehavior behavior, CancellationToken cancellationToken)
   at Npgsql.NpgsqlCommand.ExecuteReader(Boolean async, CommandBehavior behavior, CancellationToken cancellationToken)
   at Npgsql.NpgsqlCommand.ExecuteDbDataReaderAsync(CommandBehavior behavior, CancellationToken cancellationToken)
   at Dapper.SqlMapper.QueryMultipleAsync(IDbConnection cnn, CommandDefinition command) in /_/Dapper/SqlMapper.Async.cs:line 1042
   at SACS.Infrastructure.Repos.BaseReadRepository.QueryPagedAsync[T](String selectSql, String countSql, Object param) in D:\Proyectos_Personales\sacs\src\SACS.Infrastructure\Repos\BaseReadRepository.cs:line 13
   at SACS.Infrastructure.Repos.ActividadesEventosRepository.GetPagedDtoAsync(Int32 limit, Int32 offset, String orderBy, Boolean desc) in D:\Proyectos_Personales\sacs\src\SACS.Infrastructure\Repos\ActividadesEventosRepository.cs:line 45
   at SACS.Api.Endpoints.ActividadesEventosEndpoints.<>c.<<Map>b__0_0>d.MoveNext() in D:\Proyectos_Personales\sacs\src\SACS.Api\Endpoints\ActividadesEventosEndpoints.cs:line 14
--- End of stack trace from previous location ---
   at Microsoft.AspNetCore.Http.RequestDelegateFactory.ExecuteTaskResult[T](Task`1 task, HttpContext httpContext)
   at Microsoft.AspNetCore.Routing.EndpointMiddleware.<Invoke>g__AwaitRequestTask|7_0(Endpoint endpoint, Task requestTask, ILogger logger)
   at Microsoft.AspNetCore.Authorization.AuthorizationMiddleware.Invoke(HttpContext context)
   at Microsoft.AspNetCore.Authentication.AuthenticationMiddleware.Invoke(HttpContext context)
   at Swashbuckle.AspNetCore.SwaggerUI.SwaggerUIMiddleware.Invoke(HttpContext httpContext)
   at Swashbuckle.AspNetCore.Swagger.SwaggerMiddleware.Invoke(HttpContext httpContext, ISwaggerProvider swaggerProvider)
   at Serilog.AspNetCore.RequestLoggingMiddleware.Invoke(HttpContext httpContext)
   at Microsoft.AspNetCore.Diagnostics.DeveloperExceptionPageMiddlewareImpl.Invoke(HttpContext context)
  Exception data:
    Severity: ERROR
    SqlState: 42P01
    MessageText: no existe la relación «configuracion.nivel_academico»
    Position: 918
    File: parse_relation.c
    Line: 1431
    Routine: parserOpenTable
2025-11-16 13:08:11.852 -06:00 [INF] Request finished HTTP/2 GET https://localhost:52165/api/actividades_eventos?limit=50&offset=0&desc=false - 500 null text/plain; charset=utf-8 1903.3752ms
2025-11-16 13:12:02.663 -06:00 [INF] Starting web host
2025-11-16 13:12:03.203 -06:00 [INF] User profile is available. Using 'C:\Users\andre\AppData\Local\ASP.NET\DataProtection-Keys' as key repository and Windows DPAPI to encrypt keys at rest.
2025-11-16 13:12:03.982 -06:00 [INF] Now listening on: https://localhost:52165
2025-11-16 13:12:03.990 -06:00 [INF] Now listening on: http://localhost:52166
2025-11-16 13:12:04.021 -06:00 [INF] No action descriptors found. This may indicate an incorrectly configured application or missing application parts. To learn more, visit https://aka.ms/aspnet/mvc/app-parts
2025-11-16 13:12:04.184 -06:00 [INF] Application started. Press Ctrl+C to shut down.
2025-11-16 13:12:04.191 -06:00 [INF] Hosting environment: Development
2025-11-16 13:12:04.198 -06:00 [INF] Content root path: D:\Proyectos_Personales\sacs\src\SACS.Api
2025-11-16 13:12:30.858 -06:00 [INF] Request starting HTTP/2 GET https://localhost:52165/ - null null
2025-11-16 13:12:31.966 -06:00 [INF] Executing endpoint 'HTTP: GET /'
2025-11-16 13:12:32.004 -06:00 [INF] Executing RedirectResult, redirecting to /swagger.
2025-11-16 13:12:32.010 -06:00 [INF] Executed endpoint 'HTTP: GET /'
2025-11-16 13:12:32.024 -06:00 [INF] HTTP GET / responded 302 in 311.4563 ms
2025-11-16 13:12:32.050 -06:00 [INF] Request finished HTTP/2 GET https://localhost:52165/ - 302 0 null 1225.5364ms
2025-11-16 13:12:32.086 -06:00 [INF] Request starting HTTP/2 GET https://localhost:52165/_framework/aspnetcore-browser-refresh.js - null null
2025-11-16 13:12:32.129 -06:00 [INF] Request finished HTTP/2 GET https://localhost:52165/_framework/aspnetcore-browser-refresh.js - 200 13752 application/javascript; charset=utf-8 42.5779ms
2025-11-16 13:12:32.174 -06:00 [INF] Request starting HTTP/2 POST https://localhost:52165/auth/token - null 0
2025-11-16 13:12:32.176 -06:00 [INF] Request starting HTTP/2 GET https://localhost:52165/_vs/browserLink - null null
2025-11-16 13:12:32.196 -06:00 [INF] CORS policy execution failed.
2025-11-16 13:12:32.201 -06:00 [INF] Request origin https://localhost:52165 does not have permission to access the resource.
2025-11-16 13:12:32.234 -06:00 [INF] Executing endpoint 'HTTP: POST /auth/token'
2025-11-16 13:12:32.416 -06:00 [INF] Request finished HTTP/2 GET https://localhost:52165/_vs/browserLink - 200 null text/javascript; charset=UTF-8 241.0481ms
2025-11-16 13:12:32.434 -06:00 [INF] Setting HTTP status code 200.
2025-11-16 13:12:32.455 -06:00 [INF] Writing value of type '<>f__AnonymousType1`1' as Json.
2025-11-16 13:12:32.460 -06:00 [INF] Request starting HTTP/2 GET https://localhost:52165/swagger/v1/swagger.json - null null
2025-11-16 13:12:32.469 -06:00 [INF] Executed endpoint 'HTTP: POST /auth/token'
2025-11-16 13:12:32.474 -06:00 [INF] HTTP POST /auth/token responded 200 in 264.1953 ms
2025-11-16 13:12:32.496 -06:00 [INF] Request finished HTTP/2 POST https://localhost:52165/auth/token - 200 null application/json; charset=utf-8 322.3694ms
2025-11-16 13:12:32.578 -06:00 [INF] HTTP GET /swagger/v1/swagger.json responded 200 in 102.1377 ms
2025-11-16 13:12:32.589 -06:00 [INF] Request finished HTTP/2 GET https://localhost:52165/swagger/v1/swagger.json - 200 null application/json;charset=utf-8 130.1148ms
2025-11-16 13:12:37.492 -06:00 [INF] Request starting HTTP/2 POST https://localhost:52165/auth/token - null 0
2025-11-16 13:12:37.673 -06:00 [INF] CORS policy execution failed.
2025-11-16 13:12:37.677 -06:00 [INF] Request origin https://localhost:52165 does not have permission to access the resource.
2025-11-16 13:12:37.845 -06:00 [INF] Executing endpoint 'HTTP: POST /auth/token'
2025-11-16 13:12:37.850 -06:00 [INF] Setting HTTP status code 200.
2025-11-16 13:12:37.855 -06:00 [INF] Writing value of type '<>f__AnonymousType1`1' as Json.
2025-11-16 13:12:37.860 -06:00 [INF] Executed endpoint 'HTTP: POST /auth/token'
2025-11-16 13:12:37.864 -06:00 [INF] HTTP POST /auth/token responded 200 in 181.6124 ms
2025-11-16 13:12:37.870 -06:00 [INF] Request finished HTTP/2 POST https://localhost:52165/auth/token - 200 null application/json; charset=utf-8 380.4442ms
2025-11-16 13:12:56.922 -06:00 [INF] Request starting HTTP/2 GET https://localhost:52165/api/actividades_eventos?limit=50&offset=0&desc=false - null null
2025-11-16 13:12:56.963 -06:00 [INF] Executing endpoint 'HTTP: GET /api/actividades_eventos/'
2025-11-16 13:12:58.814 -06:00 [INF] Executed endpoint 'HTTP: GET /api/actividades_eventos/'
2025-11-16 13:12:58.828 -06:00 [ERR] HTTP GET /api/actividades_eventos responded 500 in 1883.0393 ms
System.Data.DataException: Error parsing column 9 (fechaevento=18/08/2023 12:00:00 a. m. - DateTime)
 ---> System.InvalidCastException: Invalid cast from 'System.DateTime' to 'System.DateOnly'.
   at System.Convert.DefaultToType(IConvertible value, Type targetType, IFormatProvider provider)
   at Deserialize55ed15f0-beca-45da-b4e9-46e61932bdf6(DbDataReader)
   --- End of inner exception stack trace ---
   at Dapper.SqlMapper.ThrowDataException(Exception ex, Int32 index, IDataReader reader, Object value) in /_/Dapper/SqlMapper.cs:line 3928
   at Deserialize55ed15f0-beca-45da-b4e9-46e61932bdf6(DbDataReader)
   at Dapper.SqlMapper.GridReader.ReadBufferedAsync[T](Int32 index, Func`2 deserializer)
   at Dapper.SqlMapper.GridReader.ReadBufferedAsync[T](Int32 index, Func`2 deserializer)
   at SACS.Infrastructure.Repos.BaseReadRepository.QueryPagedAsync[T](String selectSql, String countSql, Object param)
   at SACS.Infrastructure.Repos.ActividadesEventosRepository.GetPagedDtoAsync(Int32 limit, Int32 offset, String orderBy, Boolean desc)
   at SACS.Api.Endpoints.ActividadesEventosEndpoints.<>c.<<Map>b__0_0>d.MoveNext()
--- End of stack trace from previous location ---
   at Microsoft.AspNetCore.Http.RequestDelegateFactory.ExecuteTaskResult[T](Task`1 task, HttpContext httpContext)
   at Microsoft.AspNetCore.Routing.EndpointMiddleware.<Invoke>g__AwaitRequestTask|7_0(Endpoint endpoint, Task requestTask, ILogger logger)
   at Microsoft.AspNetCore.Authorization.AuthorizationMiddleware.Invoke(HttpContext context)
   at Microsoft.AspNetCore.Authentication.AuthenticationMiddleware.Invoke(HttpContext context)
   at Swashbuckle.AspNetCore.SwaggerUI.SwaggerUIMiddleware.Invoke(HttpContext httpContext)
   at Swashbuckle.AspNetCore.Swagger.SwaggerMiddleware.Invoke(HttpContext httpContext, ISwaggerProvider swaggerProvider)
   at Serilog.AspNetCore.RequestLoggingMiddleware.Invoke(HttpContext httpContext)
2025-11-16 13:12:58.955 -06:00 [ERR] An unhandled exception has occurred while executing the request.
System.Data.DataException: Error parsing column 9 (fechaevento=18/08/2023 12:00:00 a. m. - DateTime)
 ---> System.InvalidCastException: Invalid cast from 'System.DateTime' to 'System.DateOnly'.
   at System.Convert.DefaultToType(IConvertible value, Type targetType, IFormatProvider provider)
   at Deserialize55ed15f0-beca-45da-b4e9-46e61932bdf6(DbDataReader)
   --- End of inner exception stack trace ---
   at Dapper.SqlMapper.ThrowDataException(Exception ex, Int32 index, IDataReader reader, Object value) in /_/Dapper/SqlMapper.cs:line 3928
   at Deserialize55ed15f0-beca-45da-b4e9-46e61932bdf6(DbDataReader)
   at Dapper.SqlMapper.GridReader.ReadBufferedAsync[T](Int32 index, Func`2 deserializer)
   at Dapper.SqlMapper.GridReader.ReadBufferedAsync[T](Int32 index, Func`2 deserializer)
   at SACS.Infrastructure.Repos.BaseReadRepository.QueryPagedAsync[T](String selectSql, String countSql, Object param)
   at SACS.Infrastructure.Repos.ActividadesEventosRepository.GetPagedDtoAsync(Int32 limit, Int32 offset, String orderBy, Boolean desc)
   at SACS.Api.Endpoints.ActividadesEventosEndpoints.<>c.<<Map>b__0_0>d.MoveNext()
--- End of stack trace from previous location ---
   at Microsoft.AspNetCore.Http.RequestDelegateFactory.ExecuteTaskResult[T](Task`1 task, HttpContext httpContext)
   at Microsoft.AspNetCore.Routing.EndpointMiddleware.<Invoke>g__AwaitRequestTask|7_0(Endpoint endpoint, Task requestTask, ILogger logger)
   at Microsoft.AspNetCore.Authorization.AuthorizationMiddleware.Invoke(HttpContext context)
   at Microsoft.AspNetCore.Authentication.AuthenticationMiddleware.Invoke(HttpContext context)
   at Swashbuckle.AspNetCore.SwaggerUI.SwaggerUIMiddleware.Invoke(HttpContext httpContext)
   at Swashbuckle.AspNetCore.Swagger.SwaggerMiddleware.Invoke(HttpContext httpContext, ISwaggerProvider swaggerProvider)
   at Serilog.AspNetCore.RequestLoggingMiddleware.Invoke(HttpContext httpContext)
   at Microsoft.AspNetCore.Diagnostics.DeveloperExceptionPageMiddlewareImpl.Invoke(HttpContext context)
2025-11-16 13:12:58.994 -06:00 [INF] Request finished HTTP/2 GET https://localhost:52165/api/actividades_eventos?limit=50&offset=0&desc=false - 500 null text/plain; charset=utf-8 2072.3585ms
2025-11-16 13:18:44.454 -06:00 [INF] Starting web host
2025-11-16 13:18:45.206 -06:00 [INF] User profile is available. Using 'C:\Users\andre\AppData\Local\ASP.NET\DataProtection-Keys' as key repository and Windows DPAPI to encrypt keys at rest.
2025-11-16 13:18:46.583 -06:00 [INF] Now listening on: https://localhost:52165
2025-11-16 13:18:46.590 -06:00 [INF] Now listening on: http://localhost:52166
2025-11-16 13:18:46.625 -06:00 [INF] No action descriptors found. This may indicate an incorrectly configured application or missing application parts. To learn more, visit https://aka.ms/aspnet/mvc/app-parts
2025-11-16 13:18:46.963 -06:00 [INF] Application started. Press Ctrl+C to shut down.
2025-11-16 13:18:46.968 -06:00 [INF] Hosting environment: Development
2025-11-16 13:18:46.973 -06:00 [INF] Content root path: D:\Proyectos_Personales\sacs\src\SACS.Api
2025-11-16 13:19:12.378 -06:00 [INF] Request starting HTTP/2 GET https://localhost:52165/ - null null
2025-11-16 13:19:13.592 -06:00 [INF] Executing endpoint 'HTTP: GET /'
2025-11-16 13:19:13.631 -06:00 [INF] Executing RedirectResult, redirecting to /swagger.
2025-11-16 13:19:13.648 -06:00 [INF] Executed endpoint 'HTTP: GET /'
2025-11-16 13:19:13.661 -06:00 [INF] HTTP GET / responded 302 in 458.0409 ms
2025-11-16 13:19:13.684 -06:00 [INF] Request finished HTTP/2 GET https://localhost:52165/ - 302 0 null 1341.0702ms
2025-11-16 13:19:13.726 -06:00 [INF] Request starting HTTP/2 GET https://localhost:52165/_framework/aspnetcore-browser-refresh.js - null null
2025-11-16 13:19:13.769 -06:00 [INF] Request finished HTTP/2 GET https://localhost:52165/_framework/aspnetcore-browser-refresh.js - 200 13752 application/javascript; charset=utf-8 43.3347ms
2025-11-16 13:19:13.840 -06:00 [INF] Request starting HTTP/2 POST https://localhost:52165/auth/token - null 0
2025-11-16 13:19:13.842 -06:00 [INF] Request starting HTTP/2 GET https://localhost:52165/_vs/browserLink - null null
2025-11-16 13:19:13.861 -06:00 [INF] CORS policy execution failed.
2025-11-16 13:19:13.865 -06:00 [INF] Request origin https://localhost:52165 does not have permission to access the resource.
2025-11-16 13:19:13.891 -06:00 [INF] Executing endpoint 'HTTP: POST /auth/token'
2025-11-16 13:19:14.087 -06:00 [INF] Request finished HTTP/2 GET https://localhost:52165/_vs/browserLink - 200 null text/javascript; charset=UTF-8 245.4163ms
2025-11-16 13:19:14.101 -06:00 [INF] Setting HTTP status code 200.
2025-11-16 13:19:14.124 -06:00 [INF] Writing value of type '<>f__AnonymousType1`1' as Json.
2025-11-16 13:19:14.136 -06:00 [INF] Executed endpoint 'HTTP: POST /auth/token'
2025-11-16 13:19:14.143 -06:00 [INF] HTTP POST /auth/token responded 200 in 268.8340 ms
2025-11-16 13:19:14.149 -06:00 [INF] Request finished HTTP/2 POST https://localhost:52165/auth/token - 200 null application/json; charset=utf-8 308.6526ms
2025-11-16 13:19:14.154 -06:00 [INF] Request starting HTTP/2 GET https://localhost:52165/swagger/v1/swagger.json - null null
2025-11-16 13:19:14.266 -06:00 [INF] HTTP GET /swagger/v1/swagger.json responded 200 in 97.8329 ms
2025-11-16 13:19:14.277 -06:00 [INF] Request finished HTTP/2 GET https://localhost:52165/swagger/v1/swagger.json - 200 null application/json;charset=utf-8 124.3404ms
2025-11-16 13:19:29.736 -06:00 [INF] Request starting HTTP/2 POST https://localhost:52165/auth/token - null 0
2025-11-16 13:19:29.748 -06:00 [INF] CORS policy execution failed.
2025-11-16 13:19:29.762 -06:00 [INF] Request origin https://localhost:52165 does not have permission to access the resource.
2025-11-16 13:19:29.921 -06:00 [INF] Executing endpoint 'HTTP: POST /auth/token'
2025-11-16 13:19:29.926 -06:00 [INF] Setting HTTP status code 200.
2025-11-16 13:19:29.930 -06:00 [INF] Writing value of type '<>f__AnonymousType1`1' as Json.
2025-11-16 13:19:29.935 -06:00 [INF] Executed endpoint 'HTTP: POST /auth/token'
2025-11-16 13:19:29.941 -06:00 [INF] HTTP POST /auth/token responded 200 in 172.8671 ms
2025-11-16 13:19:29.953 -06:00 [INF] Request finished HTTP/2 POST https://localhost:52165/auth/token - 200 null application/json; charset=utf-8 217.1368ms
2025-11-16 13:19:45.643 -06:00 [INF] Request starting HTTP/2 GET https://localhost:52165/api/actividades_eventos?limit=50&offset=0&desc=false - null null
2025-11-16 13:19:45.676 -06:00 [INF] Executing endpoint 'HTTP: GET /api/actividades_eventos/'
2025-11-16 13:19:47.022 -06:00 [INF] Setting HTTP status code 200.
2025-11-16 13:19:47.092 -06:00 [INF] Writing value of type '<>f__AnonymousType0`2' as Json.
2025-11-16 13:19:47.145 -06:00 [INF] Executed endpoint 'HTTP: GET /api/actividades_eventos/'
2025-11-16 13:19:47.163 -06:00 [INF] HTTP GET /api/actividades_eventos responded 200 in 1504.2935 ms
2025-11-16 13:19:47.176 -06:00 [INF] Request finished HTTP/2 GET https://localhost:52165/api/actividades_eventos?limit=50&offset=0&desc=false - 200 null application/json; charset=utf-8 1534.962ms
2025-11-16 13:50:00.128 -06:00 [INF] Starting web host
2025-11-16 13:50:00.884 -06:00 [INF] User profile is available. Using 'C:\Users\andre\AppData\Local\ASP.NET\DataProtection-Keys' as key repository and Windows DPAPI to encrypt keys at rest.
2025-11-16 13:50:02.428 -06:00 [INF] Now listening on: https://localhost:52165
2025-11-16 13:50:02.433 -06:00 [INF] Now listening on: http://localhost:52166
2025-11-16 13:50:02.471 -06:00 [INF] No action descriptors found. This may indicate an incorrectly configured application or missing application parts. To learn more, visit https://aka.ms/aspnet/mvc/app-parts
2025-11-16 13:50:02.839 -06:00 [INF] Application started. Press Ctrl+C to shut down.
2025-11-16 13:50:02.845 -06:00 [INF] Hosting environment: Development
2025-11-16 13:50:02.850 -06:00 [INF] Content root path: D:\Proyectos_Personales\sacs\src\SACS.Api
2025-11-16 13:50:15.811 -06:00 [INF] Request starting HTTP/2 GET https://localhost:52165/ - null null
2025-11-16 13:50:17.257 -06:00 [INF] Executing endpoint 'HTTP: GET /'
2025-11-16 13:50:17.301 -06:00 [INF] Executing RedirectResult, redirecting to /swagger.
2025-11-16 13:50:17.309 -06:00 [INF] Executed endpoint 'HTTP: GET /'
2025-11-16 13:50:17.322 -06:00 [INF] HTTP GET / responded 302 in 532.1468 ms
2025-11-16 13:50:17.354 -06:00 [INF] Request finished HTTP/2 GET https://localhost:52165/ - 302 0 null 1583.26ms
2025-11-16 13:50:17.382 -06:00 [INF] Request starting HTTP/2 GET https://localhost:52165/_framework/aspnetcore-browser-refresh.js - null null
2025-11-16 13:50:17.430 -06:00 [INF] Request finished HTTP/2 GET https://localhost:52165/_framework/aspnetcore-browser-refresh.js - 200 13752 application/javascript; charset=utf-8 48.6748ms
2025-11-16 13:50:17.472 -06:00 [INF] Request starting HTTP/2 POST https://localhost:52165/auth/token - null 0
2025-11-16 13:50:17.475 -06:00 [INF] Request starting HTTP/2 GET https://localhost:52165/_vs/browserLink - null null
2025-11-16 13:50:17.498 -06:00 [INF] CORS policy execution failed.
2025-11-16 13:50:17.504 -06:00 [INF] Request origin https://localhost:52165 does not have permission to access the resource.
2025-11-16 13:50:17.522 -06:00 [INF] Executing endpoint 'HTTP: POST /auth/token'
2025-11-16 13:50:17.699 -06:00 [INF] Request finished HTTP/2 GET https://localhost:52165/_vs/browserLink - 200 null text/javascript; charset=UTF-8 225.6475ms
2025-11-16 13:50:17.714 -06:00 [INF] Setting HTTP status code 200.
2025-11-16 13:50:17.738 -06:00 [INF] Writing value of type '<>f__AnonymousType1`1' as Json.
2025-11-16 13:50:17.748 -06:00 [INF] Request starting HTTP/2 GET https://localhost:52165/swagger/v1/swagger.json - null null
2025-11-16 13:50:17.753 -06:00 [INF] Executed endpoint 'HTTP: POST /auth/token'
2025-11-16 13:50:17.761 -06:00 [INF] HTTP POST /auth/token responded 200 in 248.2981 ms
2025-11-16 13:50:17.768 -06:00 [INF] Request finished HTTP/2 POST https://localhost:52165/auth/token - 200 null application/json; charset=utf-8 295.2458ms
2025-11-16 13:50:17.862 -06:00 [INF] HTTP GET /swagger/v1/swagger.json responded 200 in 99.1965 ms
2025-11-16 13:50:17.871 -06:00 [INF] Request finished HTTP/2 GET https://localhost:52165/swagger/v1/swagger.json - 200 null application/json;charset=utf-8 123.833ms
2025-11-16 13:50:26.698 -06:00 [INF] Request starting HTTP/2 POST https://localhost:52165/auth/token - null 0
2025-11-16 13:50:26.717 -06:00 [INF] CORS policy execution failed.
2025-11-16 13:50:26.722 -06:00 [INF] Request origin https://localhost:52165 does not have permission to access the resource.
2025-11-16 13:50:26.901 -06:00 [INF] Executing endpoint 'HTTP: POST /auth/token'
2025-11-16 13:50:26.910 -06:00 [INF] Setting HTTP status code 200.
2025-11-16 13:50:26.918 -06:00 [INF] Writing value of type '<>f__AnonymousType1`1' as Json.
2025-11-16 13:50:26.927 -06:00 [INF] Executed endpoint 'HTTP: POST /auth/token'
2025-11-16 13:50:26.932 -06:00 [INF] HTTP POST /auth/token responded 200 in 201.6259 ms
2025-11-16 13:50:26.937 -06:00 [INF] Request finished HTTP/2 POST https://localhost:52165/auth/token - 200 null application/json; charset=utf-8 239.4662ms
2025-11-16 13:50:42.096 -06:00 [INF] Request starting HTTP/2 GET https://localhost:52165/api/actividades_eventos?limit=50&offset=0&desc=false - null null
2025-11-16 13:50:42.127 -06:00 [INF] Executing endpoint 'HTTP: GET /api/actividades_eventos/'
2025-11-16 13:50:43.557 -06:00 [INF] Setting HTTP status code 200.
2025-11-16 13:50:43.614 -06:00 [INF] Writing value of type '<>f__AnonymousType0`2' as Json.
2025-11-16 13:50:43.652 -06:00 [INF] Executed endpoint 'HTTP: GET /api/actividades_eventos/'
2025-11-16 13:50:43.662 -06:00 [INF] HTTP GET /api/actividades_eventos responded 200 in 1552.7213 ms
2025-11-16 13:50:43.669 -06:00 [INF] Request finished HTTP/2 GET https://localhost:52165/api/actividades_eventos?limit=50&offset=0&desc=false - 200 null application/json; charset=utf-8 1574.6548ms
2025-11-16 15:18:51.505 -06:00 [INF] Starting web host
2025-11-16 15:18:52.244 -06:00 [INF] User profile is available. Using 'C:\Users\andre\AppData\Local\ASP.NET\DataProtection-Keys' as key repository and Windows DPAPI to encrypt keys at rest.
2025-11-16 15:18:53.598 -06:00 [INF] Now listening on: https://localhost:52165
2025-11-16 15:18:53.605 -06:00 [INF] Now listening on: http://localhost:52166
2025-11-16 15:18:53.638 -06:00 [INF] No action descriptors found. This may indicate an incorrectly configured application or missing application parts. To learn more, visit https://aka.ms/aspnet/mvc/app-parts
2025-11-16 15:18:53.975 -06:00 [INF] Application started. Press Ctrl+C to shut down.
2025-11-16 15:18:53.981 -06:00 [INF] Hosting environment: Development
2025-11-16 15:18:53.985 -06:00 [INF] Content root path: D:\Proyectos_Personales\sacs\src\SACS.Api
2025-11-16 15:19:07.217 -06:00 [INF] Request starting HTTP/2 GET https://localhost:52165/ - null null
2025-11-16 15:19:08.315 -06:00 [INF] Executing endpoint 'HTTP: GET /'
2025-11-16 15:19:08.342 -06:00 [INF] Executing RedirectResult, redirecting to /swagger.
2025-11-16 15:19:08.347 -06:00 [INF] Executed endpoint 'HTTP: GET /'
2025-11-16 15:19:08.359 -06:00 [INF] HTTP GET / responded 302 in 313.7691 ms
2025-11-16 15:19:08.383 -06:00 [INF] Request finished HTTP/2 GET https://localhost:52165/ - 302 0 null 1205.4217ms
2025-11-16 15:19:08.483 -06:00 [INF] Request starting HTTP/2 GET https://localhost:52165/_framework/aspnetcore-browser-refresh.js - null null
2025-11-16 15:19:08.565 -06:00 [INF] Request finished HTTP/2 GET https://localhost:52165/_framework/aspnetcore-browser-refresh.js - 200 13752 application/javascript; charset=utf-8 83.3263ms
2025-11-16 15:19:08.567 -06:00 [INF] Request starting HTTP/2 GET https://localhost:52165/_vs/browserLink - null null
2025-11-16 15:19:08.567 -06:00 [INF] Request starting HTTP/2 POST https://localhost:52165/auth/token - null 0
2025-11-16 15:19:08.606 -06:00 [INF] CORS policy execution failed.
2025-11-16 15:19:08.620 -06:00 [INF] Request origin https://localhost:52165 does not have permission to access the resource.
2025-11-16 15:19:08.634 -06:00 [INF] Executing endpoint 'HTTP: POST /auth/token'
2025-11-16 15:19:08.750 -06:00 [INF] Request finished HTTP/2 GET https://localhost:52165/_vs/browserLink - 200 null text/javascript; charset=UTF-8 183.0319ms
2025-11-16 15:19:08.780 -06:00 [INF] Setting HTTP status code 200.
2025-11-16 15:19:08.801 -06:00 [INF] Writing value of type '<>f__AnonymousType1`1' as Json.
2025-11-16 15:19:08.813 -06:00 [INF] Executed endpoint 'HTTP: POST /auth/token'
2025-11-16 15:19:08.815 -06:00 [INF] Request starting HTTP/2 GET https://localhost:52165/swagger/v1/swagger.json - null null
2025-11-16 15:19:08.818 -06:00 [INF] HTTP POST /auth/token responded 200 in 189.5768 ms
2025-11-16 15:19:08.833 -06:00 [INF] Request finished HTTP/2 POST https://localhost:52165/auth/token - 200 null application/json; charset=utf-8 266.2261ms
2025-11-16 15:19:09.123 -06:00 [INF] HTTP GET /swagger/v1/swagger.json responded 200 in 290.4336 ms
2025-11-16 15:19:09.138 -06:00 [INF] Request finished HTTP/2 GET https://localhost:52165/swagger/v1/swagger.json - 200 null application/json;charset=utf-8 324.1269ms
2025-11-16 15:19:55.040 -06:00 [INF] Request starting HTTP/2 POST https://localhost:52165/auth/token - null 0
2025-11-16 15:19:55.075 -06:00 [INF] CORS policy execution failed.
2025-11-16 15:19:55.078 -06:00 [INF] Request origin https://localhost:52165 does not have permission to access the resource.
2025-11-16 15:19:55.222 -06:00 [INF] Executing endpoint 'HTTP: POST /auth/token'
2025-11-16 15:19:55.230 -06:00 [INF] Setting HTTP status code 200.
2025-11-16 15:19:55.238 -06:00 [INF] Writing value of type '<>f__AnonymousType1`1' as Json.
2025-11-16 15:19:55.246 -06:00 [INF] Executed endpoint 'HTTP: POST /auth/token'
2025-11-16 15:19:55.251 -06:00 [INF] HTTP POST /auth/token responded 200 in 168.8205 ms
2025-11-16 15:19:55.260 -06:00 [INF] Request finished HTTP/2 POST https://localhost:52165/auth/token - 200 null application/json; charset=utf-8 222.9783ms
2025-11-16 15:20:13.415 -06:00 [INF] Request starting HTTP/2 GET https://localhost:52165/api/actividades_eventos?limit=50&offset=0&desc=false - null null
2025-11-16 15:20:13.454 -06:00 [INF] Executing endpoint 'HTTP: GET /api/actividades_eventos/'
2025-11-16 15:20:14.996 -06:00 [INF] Executed endpoint 'HTTP: GET /api/actividades_eventos/'
2025-11-16 15:20:15.012 -06:00 [ERR] HTTP GET /api/actividades_eventos responded 500 in 1577.6052 ms
System.Data.DataException: Error parsing column 5 (horainicial=7:40 AM - String)
 ---> System.InvalidCastException: Invalid cast from 'System.String' to 'System.TimeSpan'.
   at System.Convert.DefaultToType(IConvertible value, Type targetType, IFormatProvider provider)
   at Deserializec7d790d1-8bce-49fb-b14d-adbb41c64e7a(DbDataReader)
   --- End of inner exception stack trace ---
   at Dapper.SqlMapper.ThrowDataException(Exception ex, Int32 index, IDataReader reader, Object value) in /_/Dapper/SqlMapper.cs:line 3928
   at Deserializec7d790d1-8bce-49fb-b14d-adbb41c64e7a(DbDataReader)
   at Dapper.SqlMapper.GridReader.ReadBufferedAsync[T](Int32 index, Func`2 deserializer)
   at Dapper.SqlMapper.GridReader.ReadBufferedAsync[T](Int32 index, Func`2 deserializer)
   at SACS.Infrastructure.Repos.BaseReadRepository.QueryPagedAsync[T](String selectSql, String countSql, Object param)
   at SACS.Infrastructure.Repos.ActividadesEventosRepository.GetPagedDtoAsync(Int32 limit, Int32 offset, String orderBy, Boolean desc)
   at SACS.Api.Endpoints.ActividadesEventosEndpoints.<>c.<<Map>b__0_0>d.MoveNext()
--- End of stack trace from previous location ---
   at Microsoft.AspNetCore.Http.RequestDelegateFactory.ExecuteTaskResult[T](Task`1 task, HttpContext httpContext)
   at Microsoft.AspNetCore.Routing.EndpointMiddleware.<Invoke>g__AwaitRequestTask|7_0(Endpoint endpoint, Task requestTask, ILogger logger)
   at Microsoft.AspNetCore.Authorization.AuthorizationMiddleware.Invoke(HttpContext context)
   at Microsoft.AspNetCore.Authentication.AuthenticationMiddleware.Invoke(HttpContext context)
   at Swashbuckle.AspNetCore.SwaggerUI.SwaggerUIMiddleware.Invoke(HttpContext httpContext)
   at Swashbuckle.AspNetCore.Swagger.SwaggerMiddleware.Invoke(HttpContext httpContext, ISwaggerProvider swaggerProvider)
   at Serilog.AspNetCore.RequestLoggingMiddleware.Invoke(HttpContext httpContext)
2025-11-16 15:20:15.184 -06:00 [ERR] An unhandled exception has occurred while executing the request.
System.Data.DataException: Error parsing column 5 (horainicial=7:40 AM - String)
 ---> System.InvalidCastException: Invalid cast from 'System.String' to 'System.TimeSpan'.
   at System.Convert.DefaultToType(IConvertible value, Type targetType, IFormatProvider provider)
   at Deserializec7d790d1-8bce-49fb-b14d-adbb41c64e7a(DbDataReader)
   --- End of inner exception stack trace ---
   at Dapper.SqlMapper.ThrowDataException(Exception ex, Int32 index, IDataReader reader, Object value) in /_/Dapper/SqlMapper.cs:line 3928
   at Deserializec7d790d1-8bce-49fb-b14d-adbb41c64e7a(DbDataReader)
   at Dapper.SqlMapper.GridReader.ReadBufferedAsync[T](Int32 index, Func`2 deserializer)
   at Dapper.SqlMapper.GridReader.ReadBufferedAsync[T](Int32 index, Func`2 deserializer)
   at SACS.Infrastructure.Repos.BaseReadRepository.QueryPagedAsync[T](String selectSql, String countSql, Object param)
   at SACS.Infrastructure.Repos.ActividadesEventosRepository.GetPagedDtoAsync(Int32 limit, Int32 offset, String orderBy, Boolean desc)
   at SACS.Api.Endpoints.ActividadesEventosEndpoints.<>c.<<Map>b__0_0>d.MoveNext()
--- End of stack trace from previous location ---
   at Microsoft.AspNetCore.Http.RequestDelegateFactory.ExecuteTaskResult[T](Task`1 task, HttpContext httpContext)
   at Microsoft.AspNetCore.Routing.EndpointMiddleware.<Invoke>g__AwaitRequestTask|7_0(Endpoint endpoint, Task requestTask, ILogger logger)
   at Microsoft.AspNetCore.Authorization.AuthorizationMiddleware.Invoke(HttpContext context)
   at Microsoft.AspNetCore.Authentication.AuthenticationMiddleware.Invoke(HttpContext context)
   at Swashbuckle.AspNetCore.SwaggerUI.SwaggerUIMiddleware.Invoke(HttpContext httpContext)
   at Swashbuckle.AspNetCore.Swagger.SwaggerMiddleware.Invoke(HttpContext httpContext, ISwaggerProvider swaggerProvider)
   at Serilog.AspNetCore.RequestLoggingMiddleware.Invoke(HttpContext httpContext)
   at Microsoft.AspNetCore.Diagnostics.DeveloperExceptionPageMiddlewareImpl.Invoke(HttpContext context)
2025-11-16 15:20:15.230 -06:00 [INF] Request finished HTTP/2 GET https://localhost:52165/api/actividades_eventos?limit=50&offset=0&desc=false - 500 null text/plain; charset=utf-8 1816.0068ms
